{"/Users/korayeker/Desktop/personal/RTL-Jest-Tutorial/RTL&Jest_tutorial/src/components/greet/Greet.tsx": {"path":"/Users/korayeker/Desktop/personal/RTL-Jest-Tutorial/RTL&Jest_tutorial/src/components/greet/Greet.tsx","statementMap":{"0":{"start":{"line":2,"column":21},"end":{"line":6,"column":1}},"1":{"start":{"line":3,"column":2},"end":{"line":5,"column":3}}},"fnMap":{"0":{"name":"(anonymous_0)","decl":{"start":{"line":2,"column":21},"end":{"line":2,"column":22}},"loc":{"start":{"line":2,"column":27},"end":{"line":6,"column":1}},"line":2}},"branchMap":{},"s":{"0":2,"1":2},"f":{"0":2},"b":{},"_coverageSchema":"1a1c01bbd47fc00a2c39e90264f33305004495a9","hash":"b716919fb8ef1b24d1cb3ce12a84eddadabbb872"}
,"/Users/korayeker/Desktop/personal/RTL-Jest-Tutorial/RTL&Jest_tutorial/src/components/greet/Greet2.tsx": {"path":"/Users/korayeker/Desktop/personal/RTL-Jest-Tutorial/RTL&Jest_tutorial/src/components/greet/Greet2.tsx","statementMap":{"0":{"start":{"line":4,"column":22},"end":{"line":6,"column":1}},"1":{"start":{"line":5,"column":2},"end":{"line":5,"column":44}}},"fnMap":{"0":{"name":"(anonymous_0)","decl":{"start":{"line":4,"column":22},"end":{"line":4,"column":23}},"loc":{"start":{"line":4,"column":53},"end":{"line":6,"column":1}},"line":4}},"branchMap":{"0":{"loc":{"start":{"line":4,"column":25},"end":{"line":4,"column":34}},"type":"default-arg","locations":[{"start":{"line":4,"column":32},"end":{"line":4,"column":34}}],"line":4},"1":{"loc":{"start":{"line":5,"column":21},"end":{"line":5,"column":36}},"type":"binary-expr","locations":[{"start":{"line":5,"column":21},"end":{"line":5,"column":25}},{"start":{"line":5,"column":29},"end":{"line":5,"column":36}}],"line":5}},"s":{"0":1,"1":2},"f":{"0":2},"b":{"0":[1],"1":[2,0]},"_coverageSchema":"1a1c01bbd47fc00a2c39e90264f33305004495a9","hash":"ef969affd25b609a16f49f26677c003c65ff1b5f"}
}
